This file contains any messages produced by compilers while
running configure, to aid debugging if configure makes a mistake.

It was created by surfraw configure 2.3.0, which was
generated by GNU Autoconf 2.69.  Invocation command line was

  $ ./configure 

## --------- ##
## Platform. ##
## --------- ##

hostname = a
uname -m = x86_64
uname -r = 5.4.0-91-generic
uname -s = Linux
uname -v = #102-Ubuntu SMP Fri Nov 5 16:31:28 UTC 2021

/usr/bin/uname -p = x86_64
/bin/uname -X     = unknown

/bin/arch              = x86_64
/usr/bin/arch -k       = unknown
/usr/convex/getsysinfo = unknown
/usr/bin/hostinfo      = unknown
/bin/machine           = unknown
/usr/bin/oslevel       = unknown
/bin/universe          = unknown

PATH: /usr/local/sbin
PATH: /usr/local/bin
PATH: /usr/sbin
PATH: /usr/bin
PATH: /sbin
PATH: /bin
PATH: /usr/games
PATH: /usr/local/games
PATH: /snap/bin


## ----------- ##
## Core tests. ##
## ----------- ##

configure:1791: checking for a BSD-compatible install
configure:1859: result: /usr/bin/install -c
configure:1870: checking whether build environment is sane
configure:1925: result: yes
configure:1961: WARNING: 'missing' script is too old or missing
configure:2074: checking for a thread-safe mkdir -p
configure:2113: result: /usr/bin/mkdir -p
configure:2120: checking for gawk
configure:2136: found /usr/bin/gawk
configure:2147: result: gawk
configure:2158: checking whether make sets $(MAKE)
configure:2180: result: yes
configure:2209: checking whether make supports nested variables
configure:2226: result: yes
configure:2353: checking whether to enable local OpenSearch support
configure:2362: result: yes
configure:2373: checking wether to install Bash completions
configure:2382: result: yes
configure:2393: checking whether to install sr alias
configure:2402: result: yes
configure:2418: checking for lynx
configure:2434: found /usr/bin/lynx
configure:2445: result: lynx
configure:2462: checking for iceweasel
configure:2492: result: no
configure:2462: checking for firefox
configure:2478: found /usr/bin/firefox
configure:2489: result: firefox
configure:2534: checking for gawk
configure:2561: result: gawk
configure:2574: checking for perl
configure:2592: found /usr/bin/perl
configure:2605: result: /usr/bin/perl
configure:2754: checking that generated files are newer than configure
configure:2760: result: done
configure:2780: creating ./config.status

## ---------------------- ##
## Running config.status. ##
## ---------------------- ##

This file was extended by surfraw config.status 2.3.0, which was
generated by GNU Autoconf 2.69.  Invocation command line was

  CONFIG_FILES    = 
  CONFIG_HEADERS  = 
  CONFIG_LINKS    = 
  CONFIG_COMMANDS = 
  $ ./config.status 

on a

config.status:755: creating Makefile
config.status:755: creating surfraw.lsm
config.status:755: creating surfraw.spec
config.status:755: creating elvi/Makefile
config.status:755: creating test/Makefile
config.status:755: creating examples/Makefile

## ---------------- ##
## Cache variables. ##
## ---------------- ##

ac_cv_env_build_alias_set=
ac_cv_env_build_alias_value=
ac_cv_env_host_alias_set=
ac_cv_env_host_alias_value=
ac_cv_env_target_alias_set=
ac_cv_env_target_alias_value=
ac_cv_path_PERL=/usr/bin/perl
ac_cv_path_install='/usr/bin/install -c'
ac_cv_path_mkdir=/usr/bin/mkdir
ac_cv_prog_AWK=gawk
ac_cv_prog_GRAPHICALBROWSER=firefox
ac_cv_prog_TEXTBROWSER=lynx
ac_cv_prog_make_make_set=yes
am_cv_make_support_nested_variables=yes

## ----------------- ##
## Output variables. ##
## ----------------- ##

ACLOCAL='aclocal-1.16'
AMTAR='$${TAR-tar}'
AM_BACKSLASH='\'
AM_DEFAULT_V='$(AM_DEFAULT_VERBOSITY)'
AM_DEFAULT_VERBOSITY='1'
AM_V='$(V)'
AUTOCONF='autoconf'
AUTOHEADER='autoheader'
AUTOMAKE='automake-1.16'
AWK='gawk'
BASHCOMPLETIONS_FALSE='#'
BASHCOMPLETIONS_TRUE=''
CYGPATH_W='echo'
DEFS='-DPACKAGE_NAME=\"surfraw\" -DPACKAGE_TARNAME=\"surfraw\" -DPACKAGE_VERSION=\"2.3.0\" -DPACKAGE_STRING=\"surfraw\ 2.3.0\" -DPACKAGE_BUGREPORT=\"\" -DPACKAGE_URL=\"\" -DPACKAGE=\"surfraw\" -DVERSION=\"2.3.0\"'
ECHO_C=''
ECHO_N='-n'
ECHO_T=''
ELVIDIR='$(libdir)/surfraw'
GRAPHICALBROWSER='firefox'
INSTALLSR_FALSE='#'
INSTALLSR_TRUE=''
INSTALL_DATA='${INSTALL} -m 644'
INSTALL_PROGRAM='${INSTALL}'
INSTALL_SCRIPT='${INSTALL}'
INSTALL_STRIP_PROGRAM='$(install_sh) -c -s'
ISODATE='2022-01-02'
LIBOBJS=''
LIBS=''
LTLIBOBJS=''
MAKEINFO='makeinfo'
MKDIR_P='/usr/bin/mkdir -p'
OPENSEARCH_FALSE='#'
OPENSEARCH_TRUE=''
PACKAGE='surfraw'
PACKAGE_BUGREPORT=''
PACKAGE_NAME='surfraw'
PACKAGE_STRING='surfraw 2.3.0'
PACKAGE_TARNAME='surfraw'
PACKAGE_URL=''
PACKAGE_VERSION='2.3.0'
PATH_SEPARATOR=':'
PERL='/usr/bin/perl'
SET_MAKE=''
SHELL='/bin/bash'
STRIP=''
TEXTBROWSER='lynx'
VERSION='2.3.0'
am__isrc=''
am__leading_dot='.'
am__tar='$${TAR-tar} chof - "$$tardir"'
am__untar='$${TAR-tar} xf -'
bindir='${exec_prefix}/bin'
build_alias=''
datadir='${datarootdir}'
datarootdir='${prefix}/share'
docdir='${datarootdir}/doc/${PACKAGE_TARNAME}'
dvidir='${docdir}'
exec_prefix='${prefix}'
host_alias=''
htmldir='${docdir}'
includedir='${prefix}/include'
infodir='${datarootdir}/info'
install_sh='${SHELL} /home/a/assange/Surfraw/install-sh'
libdir='${exec_prefix}/lib'
libexecdir='${exec_prefix}/libexec'
localedir='${datarootdir}/locale'
localstatedir='${prefix}/var'
mandir='${datarootdir}/man'
mkdir_p='$(MKDIR_P)'
oldincludedir='/usr/include'
pdfdir='${docdir}'
prefix='/usr/local'
program_transform_name='s,x,x,'
psdir='${docdir}'
runstatedir='${localstatedir}/run'
sbindir='${exec_prefix}/sbin'
sharedstatedir='${prefix}/com'
sysconfdir='${prefix}/etc'
target_alias=''

## ----------- ##
## confdefs.h. ##
## ----------- ##

/* confdefs.h */
#define PACKAGE_NAME "surfraw"
#define PACKAGE_TARNAME "surfraw"
#define PACKAGE_VERSION "2.3.0"
#define PACKAGE_STRING "surfraw 2.3.0"
#define PACKAGE_BUGREPORT ""
#define PACKAGE_URL ""
#define PACKAGE "surfraw"
#define VERSION "2.3.0"

configure: exit 0
